# JRE version: OpenJDK Runtime Environment Temurin-21.0.9+10 (21.0.9+10) (build 21.0.9+10-LTS)
# Java VM: OpenJDK 64-Bit Server VM Temurin-21.0.9+10 (21.0.9+10-LTS, mixed mode, sharing, tiered, compressed oops, compressed class ptrs, parallel gc, windows-amd64)
GC Precious Log:
 CardTable entry size: 512
 CPUs: 8 total, 8 available
 Memory: 16198M
 Large Page Support: Disabled
 NUMA Support: Disabled
 Compressed Oops: Enabled (32-bit)
 Alignments: Space 512K, Generation 512K, Heap 2M
 Heap Min Capacity: 100M
 Heap Initial Capacity: 100M
 Heap Max Capacity: 2G
 Pre-touch: Disabled
 Parallel Workers: 8
Heap:
 PSYoungGen      total 10240K, used 10218K [0x00000000d5580000, 0x00000000d6280000, 0x0000000100000000)
  eden space 9216K, 100% used [0x00000000d5580000,0x00000000d5e80000,0x00000000d5e80000)
  from space 1024K, 97% used [0x00000000d6180000,0x00000000d627aa58,0x00000000d6280000)
  to   space 1536K, 0% used [0x00000000d5e80000,0x00000000d5e80000,0x00000000d6000000)
 ParOldGen       total 1297408K, used 1297020K [0x0000000080000000, 0x00000000cf300000, 0x00000000d5580000)
  object space 1297408K, 99% used [0x0000000080000000,0x00000000cf29f1e8,0x00000000cf300000)
 Metaspace       used 102327K, committed 104448K, reserved 1179648K
  class space    used 10508K, committed 11520K, reserved 1048576K
GC Heap History (20 events):
Event: 418.687 GC heap before
{Heap before GC invocations=3240 (full 5):
 PSYoungGen      total 3072K, used 2816K [0x00000000d5580000, 0x00000000d6080000, 0x0000000100000000)
  eden space 2560K, 100% used [0x00000000d5580000,0x00000000d5800000,0x00000000d5800000)
  from space 512K, 50% used [0x00000000d6000000,0x00000000d6040000,0x00000000d6080000)
  to   space 512K, 0% used [0x00000000d5f80000,0x00000000d5f80000,0x00000000d6000000)
 ParOldGen       total 1290752K, used 1290233K [0x0000000080000000, 0x00000000cec80000, 0x00000000d5580000)
  object space 1290752K, 99% used [0x0000000080000000,0x00000000cebfe550,0x00000000cec80000)
 Metaspace       used 102317K, committed 104448K, reserved 1179648K
  class space    used 10508K, committed 11520K, reserved 1048576K
}
Event: 418.692 GC heap after
{Heap after GC invocations=3240 (full 5):
 PSYoungGen      total 3072K, used 489K [0x00000000d5580000, 0x00000000d6080000, 0x0000000100000000)
  eden space 2560K, 0% used [0x00000000d5580000,0x00000000d5580000,0x00000000d5800000)
  from space 512K, 95% used [0x00000000d5f80000,0x00000000d5ffa400,0x00000000d6000000)
  to   space 512K, 0% used [0x00000000d6000000,0x00000000d6000000,0x00000000d6080000)
 ParOldGen       total 1290752K, used 1290313K [0x0000000080000000, 0x00000000cec80000, 0x00000000d5580000)
  object space 1290752K, 99% used [0x0000000080000000,0x00000000cec12550,0x00000000cec80000)
 Metaspace       used 102317K, committed 104448K, reserved 1179648K
  class space    used 10508K, committed 11520K, reserved 1048576K
}
Event: 418.700 GC heap before
{Heap before GC invocations=3241 (full 5):
 PSYoungGen      total 3072K, used 3049K [0x00000000d5580000, 0x00000000d6080000, 0x0000000100000000)
  eden space 2560K, 100% used [0x00000000d5580000,0x00000000d5800000,0x00000000d5800000)
  from space 512K, 95% used [0x00000000d5f80000,0x00000000d5ffa400,0x00000000d6000000)
  to   space 512K, 0% used [0x00000000d6000000,0x00000000d6000000,0x00000000d6080000)
 ParOldGen       total 1290752K, used 1290313K [0x0000000080000000, 0x00000000cec80000, 0x00000000d5580000)
  object space 1290752K, 99% used [0x0000000080000000,0x00000000cec12550,0x00000000cec80000)
 Metaspace       used 102317K, committed 104448K, reserved 1179648K
  class space    used 10508K, committed 11520K, reserved 1048576K
}
Event: 418.704 GC heap after
{Heap after GC invocations=3241 (full 5):
 PSYoungGen      total 3072K, used 288K [0x00000000d5580000, 0x00000000d6080000, 0x0000000100000000)
  eden space 2560K, 0% used [0x00000000d5580000,0x00000000d5580000,0x00000000d5800000)
  from space 512K, 56% used [0x00000000d6000000,0x00000000d6048000,0x00000000d6080000)
  to   space 512K, 0% used [0x00000000d5f80000,0x00000000d5f80000,0x00000000d6000000)
 ParOldGen       total 1290752K, used 1290738K [0x0000000080000000, 0x00000000cec80000, 0x00000000d5580000)
  object space 1290752K, 99% used [0x0000000080000000,0x00000000cec7c950,0x00000000cec80000)
 Metaspace       used 102317K, committed 104448K, reserved 1179648K
  class space    used 10508K, committed 11520K, reserved 1048576K
}
Event: 418.922 GC heap before
{Heap before GC invocations=3242 (full 5):
 PSYoungGen      total 3072K, used 2848K [0x00000000d5580000, 0x00000000d6080000, 0x0000000100000000)
  eden space 2560K, 100% used [0x00000000d5580000,0x00000000d5800000,0x00000000d5800000)
  from space 512K, 56% used [0x00000000d6000000,0x00000000d6048000,0x00000000d6080000)
  to   space 512K, 0% used [0x00000000d5f80000,0x00000000d5f80000,0x00000000d6000000)
 ParOldGen       total 1290752K, used 1290738K [0x0000000080000000, 0x00000000cec80000, 0x00000000d5580000)
  object space 1290752K, 99% used [0x0000000080000000,0x00000000cec7c950,0x00000000cec80000)
 Metaspace       used 102317K, committed 104448K, reserved 1179648K
  class space    used 10508K, committed 11520K, reserved 1048576K
}
Event: 419.925 GC heap after
{Heap after GC invocations=3242 (full 5):
 PSYoungGen      total 3584K, used 489K [0x00000000d5580000, 0x00000000d6080000, 0x0000000100000000)
  eden space 3072K, 0% used [0x00000000d5580000,0x00000000d5580000,0x00000000d5880000)
  from space 512K, 95% used [0x00000000d5f80000,0x00000000d5ffa400,0x00000000d6000000)
  to   space 512K, 0% used [0x00000000d6000000,0x00000000d6000000,0x00000000d6080000)
 ParOldGen       total 1291264K, used 1290954K [0x0000000080000000, 0x00000000ced00000, 0x00000000d5580000)
  object space 1291264K, 99% used [0x0000000080000000,0x00000000cecb2950,0x00000000ced00000)
 Metaspace       used 102317K, committed 104448K, reserved 1179648K
  class space    used 10508K, committed 11520K, reserved 1048576K
}
Event: 419.929 GC heap before
{Heap before GC invocations=3243 (full 5):
 PSYoungGen      total 3584K, used 3561K [0x00000000d5580000, 0x00000000d6080000, 0x0000000100000000)
  eden space 3072K, 100% used [0x00000000d5580000,0x00000000d5880000,0x00000000d5880000)
  from space 512K, 95% used [0x00000000d5f80000,0x00000000d5ffa400,0x00000000d6000000)
  to   space 512K, 0% used [0x00000000d6000000,0x00000000d6000000,0x00000000d6080000)
 ParOldGen       total 1291264K, used 1290954K [0x0000000080000000, 0x00000000ced00000, 0x00000000d5580000)
  object space 1291264K, 99% used [0x0000000080000000,0x00000000cecb2950,0x00000000ced00000)
 Metaspace       used 102317K, committed 104448K, reserved 1179648K
  class space    used 10508K, committed 11520K, reserved 1048576K
}
Event: 419.931 GC heap after
{Heap after GC invocations=3243 (full 5):
 PSYoungGen      total 4608K, used 361K [0x00000000d5580000, 0x00000000d6080000, 0x0000000100000000)
  eden space 4096K, 0% used [0x00000000d5580000,0x00000000d5580000,0x00000000d5980000)
  from space 512K, 70% used [0x00000000d6000000,0x00000000d605a400,0x00000000d6080000)
  to   space 512K, 0% used [0x00000000d5f80000,0x00000000d5f80000,0x00000000d6000000)
 ParOldGen       total 1291776K, used 1291347K [0x0000000080000000, 0x00000000ced80000, 0x00000000d5580000)
  object space 1291776K, 99% used [0x0000000080000000,0x00000000ced14d50,0x00000000ced80000)
 Metaspace       used 102317K, committed 104448K, reserved 1179648K
  class space    used 10508K, committed 11520K, reserved 1048576K
}
Event: 419.935 GC heap before
{Heap before GC invocations=3244 (full 5):
 PSYoungGen      total 4608K, used 4457K [0x00000000d5580000, 0x00000000d6080000, 0x0000000100000000)
  eden space 4096K, 100% used [0x00000000d5580000,0x00000000d5980000,0x00000000d5980000)
  from space 512K, 70% used [0x00000000d6000000,0x00000000d605a400,0x00000000d6080000)
  to   space 512K, 0% used [0x00000000d5f80000,0x00000000d5f80000,0x00000000d6000000)
 ParOldGen       total 1291776K, used 1291347K [0x0000000080000000, 0x00000000ced80000, 0x00000000d5580000)
  object space 1291776K, 99% used [0x0000000080000000,0x00000000ced14d50,0x00000000ced80000)
 Metaspace       used 102317K, committed 104448K, reserved 1179648K
  class space    used 10508K, committed 11520K, reserved 1048576K
}
Event: 419.937 GC heap after
{Heap after GC invocations=3244 (full 5):
 PSYoungGen      total 5632K, used 480K [0x00000000d5580000, 0x00000000d6080000, 0x0000000100000000)
  eden space 5120K, 0% used [0x00000000d5580000,0x00000000d5580000,0x00000000d5a80000)
  from space 512K, 93% used [0x00000000d5f80000,0x00000000d5ff8000,0x00000000d6000000)
  to   space 512K, 0% used [0x00000000d6000000,0x00000000d6000000,0x00000000d6080000)
 ParOldGen       total 1291776K, used 1291604K [0x0000000080000000, 0x00000000ced80000, 0x00000000d5580000)
  object space 1291776K, 99% used [0x0000000080000000,0x00000000ced55150,0x00000000ced80000)
 Metaspace       used 102317K, committed 104448K, reserved 1179648K
  class space    used 10508K, committed 11520K, reserved 1048576K
}
Event: 419.984 GC heap before
{Heap before GC invocations=3245 (full 5):
 PSYoungGen      total 5632K, used 5600K [0x00000000d5580000, 0x00000000d6080000, 0x0000000100000000)
  eden space 5120K, 100% used [0x00000000d5580000,0x00000000d5a80000,0x00000000d5a80000)
  from space 512K, 93% used [0x00000000d5f80000,0x00000000d5ff8000,0x00000000d6000000)
  to   space 512K, 0% used [0x00000000d6000000,0x00000000d6000000,0x00000000d6080000)
 ParOldGen       total 1291776K, used 1291604K [0x0000000080000000, 0x00000000ced80000, 0x00000000d5580000)
  object space 1291776K, 99% used [0x0000000080000000,0x00000000ced55150,0x00000000ced80000)
 Metaspace       used 102318K, committed 104448K, reserved 1179648K
  class space    used 10508K, committed 11520K, reserved 1048576K
}
Event: 419.987 GC heap after
{Heap after GC invocations=3245 (full 5):
 PSYoungGen      total 6656K, used 224K [0x00000000d5580000, 0x00000000d6080000, 0x0000000100000000)
  eden space 6144K, 0% used [0x00000000d5580000,0x00000000d5580000,0x00000000d5b80000)
  from space 512K, 43% used [0x00000000d6000000,0x00000000d6038000,0x00000000d6080000)
  to   space 512K, 0% used [0x00000000d5f80000,0x00000000d5f80000,0x00000000d6000000)
 ParOldGen       total 1291776K, used 1291756K [0x0000000080000000, 0x00000000ced80000, 0x00000000d5580000)
  object space 1291776K, 99% used [0x0000000080000000,0x00000000ced7b150,0x00000000ced80000)
 Metaspace       used 102318K, committed 104448K, reserved 1179648K
  class space    used 10508K, committed 11520K, reserved 1048576K
}
Event: 420.002 GC heap before
{Heap before GC invocations=3246 (full 5):
 PSYoungGen      total 6656K, used 6368K [0x00000000d5580000, 0x00000000d6080000, 0x0000000100000000)
  eden space 6144K, 100% used [0x00000000d5580000,0x00000000d5b80000,0x00000000d5b80000)
  from space 512K, 43% used [0x00000000d6000000,0x00000000d6038000,0x00000000d6080000)
  to   space 512K, 0% used [0x00000000d5f80000,0x00000000d5f80000,0x00000000d6000000)
 ParOldGen       total 1291776K, used 1291756K [0x0000000080000000, 0x00000000ced80000, 0x00000000d5580000)
  object space 1291776K, 99% used [0x0000000080000000,0x00000000ced7b150,0x00000000ced80000)
 Metaspace       used 102318K, committed 104448K, reserved 1179648K
  class space    used 10508K, committed 11520K, reserved 1048576K
}
Event: 420.005 GC heap after
{Heap after GC invocations=3246 (full 5):
 PSYoungGen      total 8192K, used 505K [0x00000000d5580000, 0x00000000d6080000, 0x0000000100000000)
  eden space 7680K, 0% used [0x00000000d5580000,0x00000000d5580000,0x00000000d5d00000)
  from space 512K, 98% used [0x00000000d5f80000,0x00000000d5ffe410,0x00000000d6000000)
  to   space 512K, 0% used [0x00000000d6000000,0x00000000d6000000,0x00000000d6080000)
 ParOldGen       total 1292288K, used 1291884K [0x0000000080000000, 0x00000000cee00000, 0x00000000d5580000)
  object space 1292288K, 99% used [0x0000000080000000,0x00000000ced9b150,0x00000000cee00000)
 Metaspace       used 102318K, committed 104448K, reserved 1179648K
  class space    used 10508K, committed 11520K, reserved 1048576K
}
Event: 420.396 GC heap before
{Heap before GC invocations=3247 (full 5):
 PSYoungGen      total 8192K, used 8185K [0x00000000d5580000, 0x00000000d6080000, 0x0000000100000000)
  eden space 7680K, 100% used [0x00000000d5580000,0x00000000d5d00000,0x00000000d5d00000)
  from space 512K, 98% used [0x00000000d5f80000,0x00000000d5ffe410,0x00000000d6000000)
  to   space 512K, 0% used [0x00000000d6000000,0x00000000d6000000,0x00000000d6080000)
 ParOldGen       total 1292288K, used 1291884K [0x0000000080000000, 0x00000000cee00000, 0x00000000d5580000)
  object space 1292288K, 99% used [0x0000000080000000,0x00000000ced9b150,0x00000000cee00000)
 Metaspace       used 102319K, committed 104448K, reserved 1179648K
  class space    used 10508K, committed 11520K, reserved 1048576K
}
Event: 421.404 GC heap after
{Heap after GC invocations=3247 (full 5):
 PSYoungGen      total 9728K, used 490K [0x00000000d5580000, 0x00000000d6180000, 0x0000000100000000)
  eden space 9216K, 0% used [0x00000000d5580000,0x00000000d5580000,0x00000000d5e80000)
  from space 512K, 95% used [0x00000000d6000000,0x00000000d607a910,0x00000000d6080000)
  to   space 1536K, 0% used [0x00000000d5e80000,0x00000000d5e80000,0x00000000d6000000)
 ParOldGen       total 1292800K, used 1292551K [0x0000000080000000, 0x00000000cee80000, 0x00000000d5580000)
  object space 1292800K, 99% used [0x0000000080000000,0x00000000cee41e60,0x00000000cee80000)
 Metaspace       used 102319K, committed 104448K, reserved 1179648K
  class space    used 10508K, committed 11520K, reserved 1048576K
}
Event: 421.417 GC heap before
{Heap before GC invocations=3248 (full 5):
 PSYoungGen      total 9728K, used 9706K [0x00000000d5580000, 0x00000000d6180000, 0x0000000100000000)
  eden space 9216K, 100% used [0x00000000d5580000,0x00000000d5e80000,0x00000000d5e80000)
  from space 512K, 95% used [0x00000000d6000000,0x00000000d607a910,0x00000000d6080000)
  to   space 1536K, 0% used [0x00000000d5e80000,0x00000000d5e80000,0x00000000d6000000)
 ParOldGen       total 1292800K, used 1292551K [0x0000000080000000, 0x00000000cee80000, 0x00000000d5580000)
  object space 1292800K, 99% used [0x0000000080000000,0x00000000cee41e60,0x00000000cee80000)
 Metaspace       used 102327K, committed 104448K, reserved 1179648K
  class space    used 10508K, committed 11520K, reserved 1048576K
}
Event: 421.421 GC heap after
{Heap after GC invocations=3248 (full 5):
 PSYoungGen      total 10752K, used 877K [0x00000000d5580000, 0x00000000d6280000, 0x0000000100000000)
  eden space 9216K, 0% used [0x00000000d5580000,0x00000000d5580000,0x00000000d5e80000)
  from space 1536K, 57% used [0x00000000d5e80000,0x00000000d5f5b610,0x00000000d6000000)
  to   space 1024K, 0% used [0x00000000d6180000,0x00000000d6180000,0x00000000d6280000)
 ParOldGen       total 1293312K, used 1293017K [0x0000000080000000, 0x00000000cef00000, 0x00000000d5580000)
  object space 1293312K, 99% used [0x0000000080000000,0x00000000ceeb6608,0x00000000cef00000)
 Metaspace       used 102327K, committed 104448K, reserved 1179648K
  class space    used 10508K, committed 11520K, reserved 1048576K
}
Event: 421.442 GC heap before
{Heap before GC invocations=3249 (full 5):
 PSYoungGen      total 10752K, used 10093K [0x00000000d5580000, 0x00000000d6280000, 0x0000000100000000)
  eden space 9216K, 100% used [0x00000000d5580000,0x00000000d5e80000,0x00000000d5e80000)
  from space 1536K, 57% used [0x00000000d5e80000,0x00000000d5f5b610,0x00000000d6000000)
  to   space 1024K, 0% used [0x00000000d6180000,0x00000000d6180000,0x00000000d6280000)
 ParOldGen       total 1293312K, used 1293017K [0x0000000080000000, 0x00000000cef00000, 0x00000000d5580000)
  object space 1293312K, 99% used [0x0000000080000000,0x00000000ceeb6608,0x00000000cef00000)
 Metaspace       used 102327K, committed 104448K, reserved 1179648K
  class space    used 10508K, committed 11520K, reserved 1048576K
}
Event: 423.458 GC heap after
{Heap after GC invocations=3249 (full 5):
 PSYoungGen      total 10240K, used 1002K [0x00000000d5580000, 0x00000000d6280000, 0x0000000100000000)
  eden space 9216K, 0% used [0x00000000d5580000,0x00000000d5580000,0x00000000d5e80000)
  from space 1024K, 97% used [0x00000000d6180000,0x00000000d627aa58,0x00000000d6280000)
  to   space 1536K, 0% used [0x00000000d5e80000,0x00000000d5e80000,0x00000000d6000000)
 ParOldGen       total 1297408K, used 1297020K [0x0000000080000000, 0x00000000cf300000, 0x00000000d5580000)
  object space 1297408K, 99% used [0x0000000080000000,0x00000000cf29f1e8,0x00000000cf300000)
 Metaspace       used 102327K, committed 104448K, reserved 1179648K
  class space    used 10508K, committed 11520K, reserved 1048576K
}

