# JRE version: OpenJDK Runtime Environment Temurin-21.0.9+10 (21.0.9+10) (build 21.0.9+10-LTS)
# Java VM: OpenJDK 64-Bit Server VM Temurin-21.0.9+10 (21.0.9+10-LTS, mixed mode, sharing, tiered, compressed oops, compressed class ptrs, parallel gc, windows-amd64)
GC Precious Log:
 CardTable entry size: 512
 CPUs: 8 total, 8 available
 Memory: 16198M
 Large Page Support: Disabled
 NUMA Support: Disabled
 Compressed Oops: Enabled (32-bit)
 Alignments: Space 512K, Generation 512K, Heap 2M
 Heap Min Capacity: 100M
 Heap Initial Capacity: 100M
 Heap Max Capacity: 2G
 Pre-touch: Disabled
 Parallel Workers: 8
Heap:
 PSYoungGen      total 6656K, used 2276K [0x00000000d5580000, 0x00000000d5e80000, 0x0000000100000000)
  eden space 6144K, 28% used [0x00000000d5580000,0x00000000d573d010,0x00000000d5b80000)
  from space 512K, 96% used [0x00000000d5c00000,0x00000000d5c7c010,0x00000000d5c80000)
  to   space 1536K, 0% used [0x00000000d5d00000,0x00000000d5d00000,0x00000000d5e80000)
 ParOldGen       total 1383424K, used 762103K [0x0000000080000000, 0x00000000d4700000, 0x00000000d5580000)
  object space 1383424K, 55% used [0x0000000080000000,0x00000000ae83dde8,0x00000000d4700000)
 Metaspace       used 98769K, committed 100736K, reserved 1179648K
  class space    used 10217K, committed 11072K, reserved 1048576K
GC Heap History (20 events):
Event: 213.745 GC heap before
{Heap before GC invocations=4481 (full 5):
 PSYoungGen      total 7168K, used 6416K [0x00000000d5580000, 0x00000000d5e00000, 0x0000000100000000)
  eden space 6144K, 100% used [0x00000000d5580000,0x00000000d5b80000,0x00000000d5b80000)
  from space 1024K, 26% used [0x00000000d5c80000,0x00000000d5cc4010,0x00000000d5d80000)
  to   space 512K, 0% used [0x00000000d5d80000,0x00000000d5d80000,0x00000000d5e00000)
 ParOldGen       total 1383424K, used 758888K [0x0000000080000000, 0x00000000d4700000, 0x00000000d5580000)
  object space 1383424K, 54% used [0x0000000080000000,0x00000000ae51a338,0x00000000d4700000)
 Metaspace       used 96865K, committed 98880K, reserved 1179648K
  class space    used 9997K, committed 10880K, reserved 1048576K
}
Event: 213.749 GC heap after
{Heap after GC invocations=4481 (full 5):
 PSYoungGen      total 6656K, used 489K [0x00000000d5580000, 0x00000000d5e00000, 0x0000000100000000)
  eden space 6144K, 0% used [0x00000000d5580000,0x00000000d5580000,0x00000000d5b80000)
  from space 512K, 95% used [0x00000000d5d80000,0x00000000d5dfa400,0x00000000d5e00000)
  to   space 1024K, 0% used [0x00000000d5c00000,0x00000000d5c00000,0x00000000d5d00000)
 ParOldGen       total 1383424K, used 759048K [0x0000000080000000, 0x00000000d4700000, 0x00000000d5580000)
  object space 1383424K, 54% used [0x0000000080000000,0x00000000ae542348,0x00000000d4700000)
 Metaspace       used 96865K, committed 98880K, reserved 1179648K
  class space    used 9997K, committed 10880K, reserved 1048576K
}
Event: 213.858 GC heap before
{Heap before GC invocations=4482 (full 5):
 PSYoungGen      total 6656K, used 6610K [0x00000000d5580000, 0x00000000d5e00000, 0x0000000100000000)
  eden space 6144K, 99% used [0x00000000d5580000,0x00000000d5b7a4b8,0x00000000d5b80000)
  from space 512K, 95% used [0x00000000d5d80000,0x00000000d5dfa400,0x00000000d5e00000)
  to   space 1024K, 0% used [0x00000000d5c00000,0x00000000d5c00000,0x00000000d5d00000)
 ParOldGen       total 1383424K, used 759048K [0x0000000080000000, 0x00000000d4700000, 0x00000000d5580000)
  object space 1383424K, 54% used [0x0000000080000000,0x00000000ae542348,0x00000000d4700000)
 Metaspace       used 97142K, committed 99136K, reserved 1179648K
  class space    used 10016K, committed 10880K, reserved 1048576K
}
Event: 213.861 GC heap after
{Heap after GC invocations=4482 (full 5):
 PSYoungGen      total 7168K, used 480K [0x00000000d5580000, 0x00000000d5e00000, 0x0000000100000000)
  eden space 6144K, 0% used [0x00000000d5580000,0x00000000d5580000,0x00000000d5b80000)
  from space 1024K, 46% used [0x00000000d5c00000,0x00000000d5c78030,0x00000000d5d00000)
  to   space 1024K, 0% used [0x00000000d5d00000,0x00000000d5d00000,0x00000000d5e00000)
 ParOldGen       total 1383424K, used 759513K [0x0000000080000000, 0x00000000d4700000, 0x00000000d5580000)
  object space 1383424K, 54% used [0x0000000080000000,0x00000000ae5b6758,0x00000000d4700000)
 Metaspace       used 97142K, committed 99136K, reserved 1179648K
  class space    used 10016K, committed 10880K, reserved 1048576K
}
Event: 213.955 GC heap before
{Heap before GC invocations=4483 (full 5):
 PSYoungGen      total 7168K, used 6618K [0x00000000d5580000, 0x00000000d5e00000, 0x0000000100000000)
  eden space 6144K, 99% used [0x00000000d5580000,0x00000000d5b7e808,0x00000000d5b80000)
  from space 1024K, 46% used [0x00000000d5c00000,0x00000000d5c78030,0x00000000d5d00000)
  to   space 1024K, 0% used [0x00000000d5d00000,0x00000000d5d00000,0x00000000d5e00000)
 ParOldGen       total 1383424K, used 759513K [0x0000000080000000, 0x00000000d4700000, 0x00000000d5580000)
  object space 1383424K, 54% used [0x0000000080000000,0x00000000ae5b6758,0x00000000d4700000)
 Metaspace       used 97983K, committed 99968K, reserved 1179648K
  class space    used 10135K, committed 11008K, reserved 1048576K
}
Event: 213.958 GC heap after
{Heap after GC invocations=4483 (full 5):
 PSYoungGen      total 6656K, used 511K [0x00000000d5580000, 0x00000000d5d80000, 0x0000000100000000)
  eden space 6144K, 0% used [0x00000000d5580000,0x00000000d5580000,0x00000000d5b80000)
  from space 512K, 99% used [0x00000000d5d00000,0x00000000d5d7fc58,0x00000000d5d80000)
  to   space 1024K, 0% used [0x00000000d5b80000,0x00000000d5b80000,0x00000000d5c80000)
 ParOldGen       total 1383424K, used 759743K [0x0000000080000000, 0x00000000d4700000, 0x00000000d5580000)
  object space 1383424K, 54% used [0x0000000080000000,0x00000000ae5efdf0,0x00000000d4700000)
 Metaspace       used 97983K, committed 99968K, reserved 1179648K
  class space    used 10135K, committed 11008K, reserved 1048576K
}
Event: 214.100 GC heap before
{Heap before GC invocations=4484 (full 5):
 PSYoungGen      total 6656K, used 6655K [0x00000000d5580000, 0x00000000d5d80000, 0x0000000100000000)
  eden space 6144K, 99% used [0x00000000d5580000,0x00000000d5b7ffe8,0x00000000d5b80000)
  from space 512K, 99% used [0x00000000d5d00000,0x00000000d5d7fc58,0x00000000d5d80000)
  to   space 1024K, 0% used [0x00000000d5b80000,0x00000000d5b80000,0x00000000d5c80000)
 ParOldGen       total 1383424K, used 759743K [0x0000000080000000, 0x00000000d4700000, 0x00000000d5580000)
  object space 1383424K, 54% used [0x0000000080000000,0x00000000ae5efdf0,0x00000000d4700000)
 Metaspace       used 98438K, committed 100416K, reserved 1179648K
  class space    used 10173K, committed 11008K, reserved 1048576K
}
Event: 214.104 GC heap after
{Heap after GC invocations=4484 (full 5):
 PSYoungGen      total 7168K, used 689K [0x00000000d5580000, 0x00000000d5d80000, 0x0000000100000000)
  eden space 6144K, 0% used [0x00000000d5580000,0x00000000d5580000,0x00000000d5b80000)
  from space 1024K, 67% used [0x00000000d5b80000,0x00000000d5c2c538,0x00000000d5c80000)
  to   space 1024K, 0% used [0x00000000d5c80000,0x00000000d5c80000,0x00000000d5d80000)
 ParOldGen       total 1383424K, used 760063K [0x0000000080000000, 0x00000000d4700000, 0x00000000d5580000)
  object space 1383424K, 54% used [0x0000000080000000,0x00000000ae63ff58,0x00000000d4700000)
 Metaspace       used 98438K, committed 100416K, reserved 1179648K
  class space    used 10173K, committed 11008K, reserved 1048576K
}
Event: 214.129 GC heap before
{Heap before GC invocations=4485 (full 5):
 PSYoungGen      total 7168K, used 6833K [0x00000000d5580000, 0x00000000d5d80000, 0x0000000100000000)
  eden space 6144K, 100% used [0x00000000d5580000,0x00000000d5b80000,0x00000000d5b80000)
  from space 1024K, 67% used [0x00000000d5b80000,0x00000000d5c2c538,0x00000000d5c80000)
  to   space 1024K, 0% used [0x00000000d5c80000,0x00000000d5c80000,0x00000000d5d80000)
 ParOldGen       total 1383424K, used 760063K [0x0000000080000000, 0x00000000d4700000, 0x00000000d5580000)
  object space 1383424K, 54% used [0x0000000080000000,0x00000000ae63ff58,0x00000000d4700000)
 Metaspace       used 98438K, committed 100416K, reserved 1179648K
  class space    used 10173K, committed 11008K, reserved 1048576K
}
Event: 214.133 GC heap after
{Heap after GC invocations=4485 (full 5):
 PSYoungGen      total 7168K, used 522K [0x00000000d5580000, 0x00000000d5d80000, 0x0000000100000000)
  eden space 6144K, 0% used [0x00000000d5580000,0x00000000d5580000,0x00000000d5b80000)
  from space 1024K, 51% used [0x00000000d5c80000,0x00000000d5d02910,0x00000000d5d80000)
  to   space 1024K, 0% used [0x00000000d5b80000,0x00000000d5b80000,0x00000000d5c80000)
 ParOldGen       total 1383424K, used 760313K [0x0000000080000000, 0x00000000d4700000, 0x00000000d5580000)
  object space 1383424K, 54% used [0x0000000080000000,0x00000000ae67e7c8,0x00000000d4700000)
 Metaspace       used 98438K, committed 100416K, reserved 1179648K
  class space    used 10173K, committed 11008K, reserved 1048576K
}
Event: 214.337 GC heap before
{Heap before GC invocations=4486 (full 5):
 PSYoungGen      total 7168K, used 5916K [0x00000000d5580000, 0x00000000d5d80000, 0x0000000100000000)
  eden space 6144K, 87% used [0x00000000d5580000,0x00000000d5ac49d0,0x00000000d5b80000)
  from space 1024K, 51% used [0x00000000d5c80000,0x00000000d5d02910,0x00000000d5d80000)
  to   space 1024K, 0% used [0x00000000d5b80000,0x00000000d5b80000,0x00000000d5c80000)
 ParOldGen       total 1383424K, used 760313K [0x0000000080000000, 0x00000000d4700000, 0x00000000d5580000)
  object space 1383424K, 54% used [0x0000000080000000,0x00000000ae67e7c8,0x00000000d4700000)
 Metaspace       used 98444K, committed 100416K, reserved 1179648K
  class space    used 10173K, committed 11008K, reserved 1048576K
}
Event: 214.341 GC heap after
{Heap after GC invocations=4486 (full 5):
 PSYoungGen      total 7168K, used 361K [0x00000000d5580000, 0x00000000d5d00000, 0x0000000100000000)
  eden space 6144K, 0% used [0x00000000d5580000,0x00000000d5580000,0x00000000d5b80000)
  from space 1024K, 35% used [0x00000000d5b80000,0x00000000d5bda400,0x00000000d5c80000)
  to   space 512K, 0% used [0x00000000d5c80000,0x00000000d5c80000,0x00000000d5d00000)
 ParOldGen       total 1383424K, used 760329K [0x0000000080000000, 0x00000000d4700000, 0x00000000d5580000)
  object space 1383424K, 54% used [0x0000000080000000,0x00000000ae6827c8,0x00000000d4700000)
 Metaspace       used 98444K, committed 100416K, reserved 1179648K
  class space    used 10173K, committed 11008K, reserved 1048576K
}
Event: 214.505 GC heap before
{Heap before GC invocations=4487 (full 5):
 PSYoungGen      total 7168K, used 6505K [0x00000000d5580000, 0x00000000d5d00000, 0x0000000100000000)
  eden space 6144K, 100% used [0x00000000d5580000,0x00000000d5b80000,0x00000000d5b80000)
  from space 1024K, 35% used [0x00000000d5b80000,0x00000000d5bda400,0x00000000d5c80000)
  to   space 512K, 0% used [0x00000000d5c80000,0x00000000d5c80000,0x00000000d5d00000)
 ParOldGen       total 1383424K, used 760329K [0x0000000080000000, 0x00000000d4700000, 0x00000000d5580000)
  object space 1383424K, 54% used [0x0000000080000000,0x00000000ae6827c8,0x00000000d4700000)
 Metaspace       used 98457K, committed 100480K, reserved 1179648K
  class space    used 10175K, committed 11072K, reserved 1048576K
}
Event: 214.509 GC heap after
{Heap after GC invocations=4487 (full 5):
 PSYoungGen      total 6656K, used 304K [0x00000000d5580000, 0x00000000d5d00000, 0x0000000100000000)
  eden space 6144K, 0% used [0x00000000d5580000,0x00000000d5580000,0x00000000d5b80000)
  from space 512K, 59% used [0x00000000d5c80000,0x00000000d5ccc010,0x00000000d5d00000)
  to   space 512K, 0% used [0x00000000d5c00000,0x00000000d5c00000,0x00000000d5c80000)
 ParOldGen       total 1383424K, used 760406K [0x0000000080000000, 0x00000000d4700000, 0x00000000d5580000)
  object space 1383424K, 54% used [0x0000000080000000,0x00000000ae695a58,0x00000000d4700000)
 Metaspace       used 98457K, committed 100480K, reserved 1179648K
  class space    used 10175K, committed 11072K, reserved 1048576K
}
Event: 214.628 GC heap before
{Heap before GC invocations=4488 (full 5):
 PSYoungGen      total 6656K, used 6448K [0x00000000d5580000, 0x00000000d5d00000, 0x0000000100000000)
  eden space 6144K, 99% used [0x00000000d5580000,0x00000000d5b7fff0,0x00000000d5b80000)
  from space 512K, 59% used [0x00000000d5c80000,0x00000000d5ccc010,0x00000000d5d00000)
  to   space 512K, 0% used [0x00000000d5c00000,0x00000000d5c00000,0x00000000d5c80000)
 ParOldGen       total 1383424K, used 760406K [0x0000000080000000, 0x00000000d4700000, 0x00000000d5580000)
  object space 1383424K, 54% used [0x0000000080000000,0x00000000ae695a58,0x00000000d4700000)
 Metaspace       used 98558K, committed 100544K, reserved 1179648K
  class space    used 10186K, committed 11072K, reserved 1048576K
}
Event: 214.631 GC heap after
{Heap after GC invocations=4488 (full 5):
 PSYoungGen      total 6656K, used 509K [0x00000000d5580000, 0x00000000d5d80000, 0x0000000100000000)
  eden space 6144K, 0% used [0x00000000d5580000,0x00000000d5580000,0x00000000d5b80000)
  from space 512K, 99% used [0x00000000d5c00000,0x00000000d5c7f600,0x00000000d5c80000)
  to   space 1024K, 0% used [0x00000000d5c80000,0x00000000d5c80000,0x00000000d5d80000)
 ParOldGen       total 1383424K, used 760566K [0x0000000080000000, 0x00000000d4700000, 0x00000000d5580000)
  object space 1383424K, 54% used [0x0000000080000000,0x00000000ae6bda58,0x00000000d4700000)
 Metaspace       used 98558K, committed 100544K, reserved 1179648K
  class space    used 10186K, committed 11072K, reserved 1048576K
}
Event: 214.661 GC heap before
{Heap before GC invocations=4489 (full 5):
 PSYoungGen      total 6656K, used 6653K [0x00000000d5580000, 0x00000000d5d80000, 0x0000000100000000)
  eden space 6144K, 100% used [0x00000000d5580000,0x00000000d5b80000,0x00000000d5b80000)
  from space 512K, 99% used [0x00000000d5c00000,0x00000000d5c7f600,0x00000000d5c80000)
  to   space 1024K, 0% used [0x00000000d5c80000,0x00000000d5c80000,0x00000000d5d80000)
 ParOldGen       total 1383424K, used 760566K [0x0000000080000000, 0x00000000d4700000, 0x00000000d5580000)
  object space 1383424K, 54% used [0x0000000080000000,0x00000000ae6bda58,0x00000000d4700000)
 Metaspace       used 98558K, committed 100544K, reserved 1179648K
  class space    used 10186K, committed 11072K, reserved 1048576K
}
Event: 214.665 GC heap after
{Heap after GC invocations=4489 (full 5):
 PSYoungGen      total 6656K, used 404K [0x00000000d5580000, 0x00000000d5d00000, 0x0000000100000000)
  eden space 6144K, 0% used [0x00000000d5580000,0x00000000d5580000,0x00000000d5b80000)
  from space 512K, 79% used [0x00000000d5c80000,0x00000000d5ce5200,0x00000000d5d00000)
  to   space 512K, 0% used [0x00000000d5c00000,0x00000000d5c00000,0x00000000d5c80000)
 ParOldGen       total 1383424K, used 761023K [0x0000000080000000, 0x00000000d4700000, 0x00000000d5580000)
  object space 1383424K, 55% used [0x0000000080000000,0x00000000ae72fe68,0x00000000d4700000)
 Metaspace       used 98558K, committed 100544K, reserved 1179648K
  class space    used 10186K, committed 11072K, reserved 1048576K
}
Event: 215.285 GC heap before
{Heap before GC invocations=4490 (full 5):
 PSYoungGen      total 6656K, used 6548K [0x00000000d5580000, 0x00000000d5d00000, 0x0000000100000000)
  eden space 6144K, 100% used [0x00000000d5580000,0x00000000d5b80000,0x00000000d5b80000)
  from space 512K, 79% used [0x00000000d5c80000,0x00000000d5ce5200,0x00000000d5d00000)
  to   space 512K, 0% used [0x00000000d5c00000,0x00000000d5c00000,0x00000000d5c80000)
 ParOldGen       total 1383424K, used 761023K [0x0000000080000000, 0x00000000d4700000, 0x00000000d5580000)
  object space 1383424K, 55% used [0x0000000080000000,0x00000000ae72fe68,0x00000000d4700000)
 Metaspace       used 98562K, committed 100544K, reserved 1179648K
  class space    used 10186K, committed 11072K, reserved 1048576K
}
Event: 216.236 GC heap after
{Heap after GC invocations=4490 (full 5):
 PSYoungGen      total 6656K, used 506K [0x00000000d5580000, 0x00000000d5d80000, 0x0000000100000000)
  eden space 6144K, 0% used [0x00000000d5580000,0x00000000d5580000,0x00000000d5b80000)
  from space 512K, 98% used [0x00000000d5c00000,0x00000000d5c7e900,0x00000000d5c80000)
  to   space 1024K, 0% used [0x00000000d5c80000,0x00000000d5c80000,0x00000000d5d80000)
 ParOldGen       total 1383424K, used 761047K [0x0000000080000000, 0x00000000d4700000, 0x00000000d5580000)
  object space 1383424K, 55% used [0x0000000080000000,0x00000000ae735e68,0x00000000d4700000)
 Metaspace       used 98562K, committed 100544K, reserved 1179648K
  class space    used 10186K, committed 11072K, reserved 1048576K
}

